00:17:56 **** Build of configuration Debug for project I2C_driver_External_EEPROM ****
make all 
Building file: ../External_EEPROM_I2C.c
Invoking: AVR Compiler
avr-gcc -Wall -g2 -gstabs -O0 -fpack-struct -fshort-enums -ffunction-sections -fdata-sections -std=gnu99 -funsigned-char -funsigned-bitfields -mmcu=atmega32 -DF_CPU=8000000UL -MMD -MP -MF"External_EEPROM_I2C.d" -MT"External_EEPROM_I2C.o" -c -o "External_EEPROM_I2C.o" "../External_EEPROM_I2C.c"
In file included from ../External_EEPROM_I2C.c:8:
c:/winavr-20100110/lib/gcc/../../avr/include/util/delay.h:90:3: warning: #warning "Compiler optimizations disabled; functions from <util/delay.h> won't work as designed"
Finished building: ../External_EEPROM_I2C.c
 
Building file: ../external_eeprom.c
Invoking: AVR Compiler
avr-gcc -Wall -g2 -gstabs -O0 -fpack-struct -fshort-enums -ffunction-sections -fdata-sections -std=gnu99 -funsigned-char -funsigned-bitfields -mmcu=atmega32 -DF_CPU=8000000UL -MMD -MP -MF"external_eeprom.d" -MT"external_eeprom.o" -c -o "external_eeprom.o" "../external_eeprom.c"
Finished building: ../external_eeprom.c
 
Building file: ../gpio.c
Invoking: AVR Compiler
avr-gcc -Wall -g2 -gstabs -O0 -fpack-struct -fshort-enums -ffunction-sections -fdata-sections -std=gnu99 -funsigned-char -funsigned-bitfields -mmcu=atmega32 -DF_CPU=8000000UL -MMD -MP -MF"gpio.d" -MT"gpio.o" -c -o "gpio.o" "../gpio.c"
../gpio.c:14:90: error: Atmega32_Regs.h: No such file or directory
../gpio.c: In function 'GPIO_setupPinDirection':
../gpio.c:40: error: 'DDRA_REG' undeclared (first use in this function)
../gpio.c:40: error: (Each undeclared identifier is reported only once
../gpio.c:40: error: for each function it appears in.)
../gpio.c:50: error: 'DDRB_REG' undeclared (first use in this function)
../gpio.c:60: error: 'DDRC_REG' undeclared (first use in this function)
../gpio.c:70: error: 'DDRD_REG' undeclared (first use in this function)
../gpio.c: In function 'GPIO_writePin':
../gpio.c:101: error: 'PORTA_REG' undeclared (first use in this function)
../gpio.c:111: error: 'PORTB_REG' undeclared (first use in this function)
../gpio.c:121: error: 'PORTC_REG' undeclared (first use in this function)
../gpio.c:131: error: 'PORTD_REG' undeclared (first use in this function)
../gpio.c: In function 'GPIO_readPin':
../gpio.c:166: error: 'PINA_REG' undeclared (first use in this function)
../gpio.c:176: error: 'PINB_REG' undeclared (first use in this function)
../gpio.c:186: error: 'PINC_REG' undeclared (first use in this function)
../gpio.c:196: error: 'PIND_REG' undeclared (first use in this function)
../gpio.c: In function 'GPIO_setupPortDirection':
../gpio.c:234: error: 'DDRA_REG' undeclared (first use in this function)
../gpio.c:237: error: 'DDRB_REG' undeclared (first use in this function)
../gpio.c:240: error: 'DDRC_REG' undeclared (first use in this function)
../gpio.c:243: error: 'DDRD_REG' undeclared (first use in this function)
../gpio.c: In function 'GPIO_writePort':
../gpio.c:268: error: 'PORTA_REG' undeclared (first use in this function)
../gpio.c:271: error: 'PORTB_REG' undeclared (first use in this function)
../gpio.c:274: error: 'PORTC_REG' undeclared (first use in this function)
../gpio.c:277: error: 'PORTD_REG' undeclared (first use in this function)
../gpio.c: In function 'GPIO_readPort':
../gpio.c:307: error: 'PINA_REG' undeclared (first use in this function)
../gpio.c:310: error: 'PINB_REG' undeclared (first use in this function)
../gpio.c:313: error: 'PINC_REG' undeclared (first use in this function)
../gpio.c:316: error: 'PIND_REG' undeclared (first use in this function)
make: *** [gpio.o] Error 1
"make all" terminated with exit code 2. Build might be incomplete.
00:18:38 **** Incremental Build of configuration Debug for project I2C_driver_External_EEPROM ****
make all 
Building file: ../External_EEPROM_I2C.c
Invoking: AVR Compiler
avr-gcc -Wall -g2 -gstabs -O0 -fpack-struct -fshort-enums -ffunction-sections -fdata-sections -std=gnu99 -funsigned-char -funsigned-bitfields -mmcu=atmega32 -DF_CPU=8000000UL -MMD -MP -MF"External_EEPROM_I2C.d" -MT"External_EEPROM_I2C.o" -c -o "External_EEPROM_I2C.o" "../External_EEPROM_I2C.c"
In file included from ../External_EEPROM_I2C.c:8:
c:/winavr-20100110/lib/gcc/../../avr/include/util/delay.h:90:3: warning: #warning "Compiler optimizations disabled; functions from <util/delay.h> won't work as designed"
Finished building: ../External_EEPROM_I2C.c
 
Building file: ../gpio.c
Invoking: AVR Compiler
avr-gcc -Wall -g2 -gstabs -O0 -fpack-struct -fshort-enums -ffunction-sections -fdata-sections -std=gnu99 -funsigned-char -funsigned-bitfields -mmcu=atmega32 -DF_CPU=8000000UL -MMD -MP -MF"gpio.d" -MT"gpio.o" -c -o "gpio.o" "../gpio.c"
../gpio.c:14:90: error: Atmega32_Regs.h: No such file or directory
../gpio.c: In function 'GPIO_setupPinDirection':
../gpio.c:40: error: 'DDRA_REG' undeclared (first use in this function)
../gpio.c:40: error: (Each undeclared identifier is reported only once
../gpio.c:40: error: for each function it appears in.)
../gpio.c:50: error: 'DDRB_REG' undeclared (first use in this function)
../gpio.c:60: error: 'DDRC_REG' undeclared (first use in this function)
../gpio.c:70: error: 'DDRD_REG' undeclared (first use in this function)
../gpio.c: In function 'GPIO_writePin':
../gpio.c:101: error: 'PORTA_REG' undeclared (first use in this function)
../gpio.c:111: error: 'PORTB_REG' undeclared (first use in this function)
../gpio.c:121: error: 'PORTC_REG' undeclared (first use in this function)
../gpio.c:131: error: 'PORTD_REG' undeclared (first use in this function)
../gpio.c: In function 'GPIO_readPin':
../gpio.c:166: error: 'PINA_REG' undeclared (first use in this function)
../gpio.c:176: error: 'PINB_REG' undeclared (first use in this function)
../gpio.c:186: error: 'PINC_REG' undeclared (first use in this function)
../gpio.c:196: error: 'PIND_REG' undeclared (first use in this function)
../gpio.c: In function 'GPIO_setupPortDirection':
../gpio.c:234: error: 'DDRA_REG' undeclared (first use in this function)
../gpio.c:237: error: 'DDRB_REG' undeclared (first use in this function)
../gpio.c:240: error: 'DDRC_REG' undeclared (first use in this function)
../gpio.c:243: error: 'DDRD_REG' undeclared (first use in this function)
../gpio.c: In function 'GPIO_writePort':
../gpio.c:268: error: 'PORTA_REG' undeclared (first use in this function)
../gpio.c:271: error: 'PORTB_REG' undeclared (first use in this function)
../gpio.c:274: error: 'PORTC_REG' undeclared (first use in this function)
../gpio.c:277: error: 'PORTD_REG' undeclared (first use in this function)
../gpio.c: In function 'GPIO_readPort':
../gpio.c:307: error: 'PINA_REG' undeclared (first use in this function)
../gpio.c:310: error: 'PINB_REG' undeclared (first use in this function)
../gpio.c:313: error: 'PINC_REG' undeclared (first use in this function)
../gpio.c:316: error: 'PIND_REG' undeclared (first use in this function)
make: *** [gpio.o] Error 1
"make all" terminated with exit code 2. Build might be incomplete.
00:19:00 **** Incremental Build of configuration Debug for project I2C_driver_External_EEPROM ****
make all 
Building file: ../gpio.c
Invoking: AVR Compiler
avr-gcc -Wall -g2 -gstabs -O0 -fpack-struct -fshort-enums -ffunction-sections -fdata-sections -std=gnu99 -funsigned-char -funsigned-bitfields -mmcu=atmega32 -DF_CPU=8000000UL -MMD -MP -MF"gpio.d" -MT"gpio.o" -c -o "gpio.o" "../gpio.c"
Finished building: ../gpio.c
 
Building file: ../twi.c
Invoking: AVR Compiler
avr-gcc -Wall -g2 -gstabs -O0 -fpack-struct -fshort-enums -ffunction-sections -fdata-sections -std=gnu99 -funsigned-char -funsigned-bitfields -mmcu=atmega32 -DF_CPU=8000000UL -MMD -MP -MF"twi.d" -MT"twi.o" -c -o "twi.o" "../twi.c"
../twi.c: In function 'TWI_start':
../twi.c:41: warning: implicit declaration of function 'BIT_IS_CLEAR'
Finished building: ../twi.c
 
Building target: I2C_driver_External_EEPROM.elf
Invoking: AVR C Linker
avr-gcc -Wl,-Map,I2C_driver_External_EEPROM.map -mmcu=atmega32 -o "I2C_driver_External_EEPROM.elf"  ./External_EEPROM_I2C.o ./external_eeprom.o ./gpio.o ./twi.o   
./twi.o: In function `TWI_init':
../twi.c:28: undefined reference to `BIT_IS_CLEAR'
../twi.c:30: undefined reference to `BIT_IS_CLEAR'
../twi.c:28: undefined reference to `BIT_IS_CLEAR'
../twi.c:28: undefined reference to `BIT_IS_CLEAR'
make: *** [I2C_driver_External_EEPROM.elf] Error 1
"make all" terminated with exit code 2. Build might be incomplete.
00:19:37 **** Incremental Build of configuration Debug for project I2C_driver_External_EEPROM ****
make all 
Building file: ../twi.c
Invoking: AVR Compiler
avr-gcc -Wall -g2 -gstabs -O0 -fpack-struct -fshort-enums -ffunction-sections -fdata-sections -std=gnu99 -funsigned-char -funsigned-bitfields -mmcu=atmega32 -DF_CPU=8000000UL -MMD -MP -MF"twi.d" -MT"twi.o" -c -o "twi.o" "../twi.c"
Finished building: ../twi.c
 
Building target: I2C_driver_External_EEPROM.elf
Invoking: AVR C Linker
avr-gcc -Wl,-Map,I2C_driver_External_EEPROM.map -mmcu=atmega32 -o "I2C_driver_External_EEPROM.elf"  ./External_EEPROM_I2C.o ./external_eeprom.o ./gpio.o ./twi.o   
Finished building target: I2C_driver_External_EEPROM.elf
 
Invoking: AVR Create Extended Listing
avr-objdump -h -S I2C_driver_External_EEPROM.elf  >"I2C_driver_External_EEPROM.lss"
Finished building: I2C_driver_External_EEPROM.lss
 
Invoking: Print Size
avr-size --format=avr --mcu=atmega32 I2C_driver_External_EEPROM.elf
AVR Memory Usage
----------------
Device: atmega32

Program:    5532 bytes (16.9% Full)
(.text + .data + .bootloader)

Data:          8 bytes (0.4% Full)
(.data + .bss + .noinit)


Finished building: sizedummy
 
19:25:41 **** Build of configuration Debug for project I2C_driver_External_EEPROM ****
make all 
Building file: ../External_EEPROM_I2C.c
Invoking: AVR Compiler
avr-gcc -Wall -g2 -gstabs -O0 -fpack-struct -fshort-enums -ffunction-sections -fdata-sections -std=gnu99 -funsigned-char -funsigned-bitfields -mmcu=atmega32 -DF_CPU=8000000UL -MMD -MP -MF"External_EEPROM_I2C.d" -MT"External_EEPROM_I2C.o" -c -o "External_EEPROM_I2C.o" "../External_EEPROM_I2C.c"
In file included from ../External_EEPROM_I2C.c:8:
c:/winavr-20100110/lib/gcc/../../avr/include/util/delay.h:90:3: warning: #warning "Compiler optimizations disabled; functions from <util/delay.h> won't work as designed"
Finished building: ../External_EEPROM_I2C.c
 
Building file: ../external_eeprom.c
Invoking: AVR Compiler
avr-gcc -Wall -g2 -gstabs -O0 -fpack-struct -fshort-enums -ffunction-sections -fdata-sections -std=gnu99 -funsigned-char -funsigned-bitfields -mmcu=atmega32 -DF_CPU=8000000UL -MMD -MP -MF"external_eeprom.d" -MT"external_eeprom.o" -c -o "external_eeprom.o" "../external_eeprom.c"
Finished building: ../external_eeprom.c
 
Building file: ../gpio.c
Invoking: AVR Compiler
avr-gcc -Wall -g2 -gstabs -O0 -fpack-struct -fshort-enums -ffunction-sections -fdata-sections -std=gnu99 -funsigned-char -funsigned-bitfields -mmcu=atmega32 -DF_CPU=8000000UL -MMD -MP -MF"gpio.d" -MT"gpio.o" -c -o "gpio.o" "../gpio.c"
Finished building: ../gpio.c
 
Building file: ../twi.c
Invoking: AVR Compiler
avr-gcc -Wall -g2 -gstabs -O0 -fpack-struct -fshort-enums -ffunction-sections -fdata-sections -std=gnu99 -funsigned-char -funsigned-bitfields -mmcu=atmega32 -DF_CPU=8000000UL -MMD -MP -MF"twi.d" -MT"twi.o" -c -o "twi.o" "../twi.c"
Finished building: ../twi.c
 
Building target: I2C_driver_External_EEPROM.elf
Invoking: AVR C Linker
avr-gcc -Wl,-Map,I2C_driver_External_EEPROM.map -mmcu=atmega32 -o "I2C_driver_External_EEPROM.elf"  ./External_EEPROM_I2C.o ./external_eeprom.o ./gpio.o ./twi.o   
Finished building target: I2C_driver_External_EEPROM.elf
 
Invoking: AVR Create Extended Listing
avr-objdump -h -S I2C_driver_External_EEPROM.elf  >"I2C_driver_External_EEPROM.lss"
Finished building: I2C_driver_External_EEPROM.lss
 
Invoking: Print Size
avr-size --format=avr --mcu=atmega32 I2C_driver_External_EEPROM.elf
AVR Memory Usage
----------------
Device: atmega32

Program:    5532 bytes (16.9% Full)
(.text + .data + .bootloader)

Data:          8 bytes (0.4% Full)
(.data + .bss + .noinit)


Finished building: sizedummy
 
